<?xml version="1.0" encoding="UTF-8"?>
<!-- Generated by org.testng.reporters.JUnitReportReporter -->
<testsuite hostname="Phans-MacBook-Pro.local" name="com.liveguru.user.Level_12_Upload_Files" tests="1" failures="0" timestamp="22 Oct 2020 16:07:05 GMT" time="10.731" errors="0">
  <testcase name="TC_02_Upload_Multiple_Files_Per_Time" time="10.731" classname="com.liveguru.user.Level_12_Upload_Files"/>
</testsuite> <!-- com.liveguru.user.Level_12_Upload_Files -->
