<?xml version="1.0" encoding="UTF-8"?>
<!-- Generated by org.testng.reporters.JUnitReportReporter -->
<testsuite hostname="Phans-MacBook-Pro.local" name="com.liveguru.user.Level_12_Upload_Files" tests="2" failures="0" timestamp="20 Oct 2020 18:08:56 GMT" time="22.289" errors="0">
  <testcase name="TC_02_Upload_Multiple_Files_Per_Time" time="13.020" classname="com.liveguru.user.Level_12_Upload_Files"/>
  <testcase name="TC_02_Upload_Multiple_Files_Per_Time" time="9.269" classname="com.liveguru.user.Level_12_Upload_Files"/>
</testsuite> <!-- com.liveguru.user.Level_12_Upload_Files -->
